% Waiting for group rebalance
% Waiting for group rebalance
% Waiting for group rebalance
% Waiting for group rebalance
% Group usergroup2 rebalanced (memberid rdkafka-95e50c16-414d-444b-8bc1-24ce8f67e34b): % Group identitiesgroup1 rebalanced (memberid rdkafka-3e2dd77f-4c54-4766-8d94-58d4cb1834be): assigned: assigned: crowdcontrol_development.public.users [0]crowdcontrol_development.public.identities [0]

% Group identitiesgroup2 rebalanced (memberid rdkafka-045cb146-3f72-43da-aad5-b6d4e1f2b2cc): assigned: crowdcontrol_development.public.identities [0]
% Group usergroup1 rebalanced (memberid rdkafka-e5713f8a-2d53-45b5-b46a-0d70179a966d): assigned: crowdcontrol_development.public.users [0]
% Reached end of topic crowdcontrol_development.public.identities [0] at offset 0
% Reached end of topic crowdcontrol_development.public.identities [0] at offset 0
% Reached end of topic crowdcontrol_development.public.users [0] at offset 0
% Reached end of topic crowdcontrol_development.public.users [0] at offset 0
% Group usergroup1 rebalanced (memberid rdkafka-e5713f8a-2d53-45b5-b46a-0d70179a966d): revoked: crowdcontrol_development.public.users [0]
% Group identitiesgroup1 rebalanced (memberid rdkafka-3e2dd77f-4c54-4766-8d94-58d4cb1834be): revoked: crowdcontrol_development.public.identities [0]
value-1
value-2
value-3
value-4
value-5
value-6
value-7
value-8
value-9
value-10
value-1

value-3

value-5

value-7

value-9

% Group usergroup2 rebalanced (memberid rdkafka-95e50c16-414d-444b-8bc1-24ce8f67e34b): revoked: crowdcontrol_development.public.users [0]
value-1

value-3

value-5

value-7

value-9

value-11

value-13

value-15

value-17

value-19

% Group identitiesgroup2 rebalanced (memberid rdkafka-045cb146-3f72-43da-aad5-b6d4e1f2b2cc): revoked: crowdcontrol_development.public.identities [0]
value-1
value-2
value-3
value-4
value-5
value-6
value-7
value-8
value-9
value-10
value-11
value-12
value-13
value-14
value-15
value-16
value-17
value-18
value-19
value-20
% Waiting for group rebalance
% Waiting for group rebalance
% Waiting for group rebalance
% Waiting for group rebalance
% Group identitiesgroup2 rebalanced (memberid rdkafka-3d8a70be-4e3b-4f24-8ce0-e6ead9869d17): assigned: crowdcontrol_development.public.identities [0]
% Group identitiesgroup1 rebalanced (memberid rdkafka-ab110d29-14a5-4fa6-9cef-76ffc25e751e): % Group usergroup1 rebalanced (memberid rdkafka-1c3a0c94-34cc-42a2-9cc8-9a7e25aea1e8): assigned: assigned: crowdcontrol_development.public.identities [0]crowdcontrol_development.public.users [0]

% Group usergroup2 rebalanced (memberid rdkafka-f3b6db91-e14d-43d1-bd59-dc1894a181cc): assigned: crowdcontrol_development.public.users [0]
% Reached end of topic crowdcontrol_development.public.users [0] at offset 0
% Reached end of topic crowdcontrol_development.public.identities [0] at offset 0
% Reached end of topic crowdcontrol_development.public.identities [0] at offset 0
% Reached end of topic crowdcontrol_development.public.users [0] at offset 0
% Group usergroup1 rebalanced (memberid rdkafka-1c3a0c94-34cc-42a2-9cc8-9a7e25aea1e8): revoked: crowdcontrol_development.public.users [0]
% Group identitiesgroup1 rebalanced (memberid rdkafka-ab110d29-14a5-4fa6-9cef-76ffc25e751e): revoked: crowdcontrol_development.public.identities [0]
value-1
value-2
value-3
value-4
value-5
value-6
value-7
value-8
value-9
value-10
value-1

value-3

value-5

value-7

value-9

% Group usergroup2 rebalanced (memberid rdkafka-f3b6db91-e14d-43d1-bd59-dc1894a181cc): revoked: crowdcontrol_development.public.users [0]
value-1

value-3

value-5

value-7

value-9

value-11

value-13

value-15

value-17

value-19

% Group identitiesgroup2 rebalanced (memberid rdkafka-3d8a70be-4e3b-4f24-8ce0-e6ead9869d17): revoked: crowdcontrol_development.public.identities [0]
value-1
value-2
value-3
value-4
value-5
value-6
value-7
value-8
value-9
value-10
value-11
value-12
value-13
value-14
value-15
value-16
value-17
value-18
value-19
value-20
